<?xml version="1.0" encoding="UTF-8"?>
<testsuite name="com.crtneko.springsecurity.SpringsecurityApplicationTests" tests="1" skipped="0" failures="0" errors="0" timestamp="2024-01-24T13:27:12" hostname="SimonsComp" time="0.505">
  <properties/>
  <testcase name="contextLoads()" classname="com.crtneko.springsecurity.SpringsecurityApplicationTests" time="0.505"/>
  <system-out><![CDATA[14:27:08.607 [Test worker] INFO org.springframework.test.context.support.AnnotationConfigContextLoaderUtils -- Could not detect default configuration classes for test class [com.crtneko.springsecurity.SpringsecurityApplicationTests]: SpringsecurityApplicationTests does not declare any static, non-private, non-final, nested classes annotated with @Configuration.
14:27:08.682 [Test worker] INFO org.springframework.boot.test.context.SpringBootTestContextBootstrapper -- Found @SpringBootConfiguration com.crtneko.springsecurity.SpringsecurityApplication for test class com.crtneko.springsecurity.SpringsecurityApplicationTests
2024-01-24T14:27:08.984+01:00  INFO 11997 --- [    Test worker] c.c.s.SpringsecurityApplicationTests     : Starting SpringsecurityApplicationTests using Java 17.0.9 with PID 11997 (started by lains in /home/lains/STI_SKOLA/Enterprise/springsecurity)
2024-01-24T14:27:08.986+01:00  INFO 11997 --- [    Test worker] c.c.s.SpringsecurityApplicationTests     : No active profile set, falling back to 1 default profile: "default"
2024-01-24T14:27:09.541+01:00  INFO 11997 --- [    Test worker] .s.d.r.c.RepositoryConfigurationDelegate : Bootstrapping Spring Data JPA repositories in DEFAULT mode.
2024-01-24T14:27:09.587+01:00  INFO 11997 --- [    Test worker] .s.d.r.c.RepositoryConfigurationDelegate : Finished Spring Data repository scanning in 40 ms. Found 1 JPA repository interface.
2024-01-24T14:27:10.019+01:00  INFO 11997 --- [    Test worker] o.hibernate.jpa.internal.util.LogHelper  : HHH000204: Processing PersistenceUnitInfo [name: default]
2024-01-24T14:27:10.058+01:00  INFO 11997 --- [    Test worker] org.hibernate.Version                    : HHH000412: Hibernate ORM core version 6.4.1.Final
2024-01-24T14:27:10.082+01:00  INFO 11997 --- [    Test worker] o.h.c.internal.RegionFactoryInitiator    : HHH000026: Second-level cache disabled
2024-01-24T14:27:10.252+01:00  INFO 11997 --- [    Test worker] o.s.o.j.p.SpringPersistenceUnitInfo      : No LoadTimeWeaver setup: ignoring JPA class transformer
2024-01-24T14:27:10.282+01:00  INFO 11997 --- [    Test worker] com.zaxxer.hikari.HikariDataSource       : HikariPool-1 - Starting...
2024-01-24T14:27:10.514+01:00  INFO 11997 --- [    Test worker] com.zaxxer.hikari.pool.HikariPool        : HikariPool-1 - Added connection com.mysql.cj.jdbc.ConnectionImpl@6996bbc4
2024-01-24T14:27:10.515+01:00  INFO 11997 --- [    Test worker] com.zaxxer.hikari.HikariDataSource       : HikariPool-1 - Start completed.
2024-01-24T14:27:10.551+01:00  WARN 11997 --- [    Test worker] org.hibernate.orm.deprecation            : HHH90000025: MySQLDialect does not need to be specified explicitly using 'hibernate.dialect' (remove the property setting and it will be selected by default)
2024-01-24T14:27:11.118+01:00  INFO 11997 --- [    Test worker] o.h.e.t.j.p.i.JtaPlatformInitiator       : HHH000489: No JTA platform available (set 'hibernate.transaction.jta.platform' to enable JTA platform integration)
2024-01-24T14:27:11.161+01:00  INFO 11997 --- [    Test worker] j.LocalContainerEntityManagerFactoryBean : Initialized JPA EntityManagerFactory for persistence unit 'default'
2024-01-24T14:27:11.481+01:00  WARN 11997 --- [    Test worker] JpaBaseConfiguration$JpaWebConfiguration : spring.jpa.open-in-view is enabled by default. Therefore, database queries may be performed during view rendering. Explicitly configure spring.jpa.open-in-view to disable this warning
2024-01-24T14:27:11.737+01:00  INFO 11997 --- [    Test worker] o.s.s.web.DefaultSecurityFilterChain     : Will secure any request with [org.springframework.security.web.session.DisableEncodeUrlFilter@3b171fbd, org.springframework.security.web.context.request.async.WebAsyncManagerIntegrationFilter@1ece052b, org.springframework.security.web.context.SecurityContextHolderFilter@4f9e9c21, org.springframework.security.web.header.HeaderWriterFilter@d8a2b1b, org.springframework.web.filter.CorsFilter@20dc763b, org.springframework.security.web.authentication.logout.LogoutFilter@679886ad, org.springframework.security.web.authentication.UsernamePasswordAuthenticationFilter@7dbe858f, org.springframework.security.web.authentication.ui.DefaultLoginPageGeneratingFilter@53202b06, org.springframework.security.web.authentication.ui.DefaultLogoutPageGeneratingFilter@4c81e7c2, org.springframework.security.web.savedrequest.RequestCacheAwareFilter@7bf2e475, org.springframework.security.web.servletapi.SecurityContextHolderAwareRequestFilter@e75bae7, org.springframework.security.web.authentication.AnonymousAuthenticationFilter@4fe8e318, org.springframework.security.web.access.ExceptionTranslationFilter@34a482d0, org.springframework.security.web.access.intercept.AuthorizationFilter@65b07b9]
2024-01-24T14:27:12.088+01:00  INFO 11997 --- [    Test worker] c.c.s.SpringsecurityApplicationTests     : Started SpringsecurityApplicationTests in 3.294 seconds (process running for 4.053)
]]></system-out>
  <system-err><![CDATA[]]></system-err>
</testsuite>
